{
  "timestamp": "2024-02-23 16:46:05.522409",
  "type": "python",
  "version": "1.0",
  "name": "Python Test suite",
  "description": "Checks subtests and graphics",
  "status": "COMPLETED",
  "result": "FAILED",
  "resultMessage": "Some or all tests failed",
  "duration": 2.169738292694092,
  "executionDuration": 0.6790637969970703,
  "environment": {
    "Python": "3.10.11",
    "Platform": "Windows-10-10.0.19045-SP0",
    "Packages": {
      "pytest": "7.4.3",
      "pluggy": "1.3.0"
    },
    "Plugins": {
      "metadata": "3.0.0"
    }
  },
  "properties": {
    "test": "i:\\PYTHON\\catester\\catester\\../examples/ex1/test5.yaml",
    "specification": ""
  },
  "debug": {
    "executionDurationStudent": 0.6790637969970703,
    "executionDurationReference": 0.22351527214050293
  },
  "exitcode": "ExitCode.TESTS_FAILED",
  "summary": {
    "total": 1,
    "success": 0,
    "failed": 1,
    "skipped": 0
  },
  "tests": [
    {
      "type": "graphics",
      "name": "graphics",
      "status": "COMPLETED",
      "result": "FAILED",
      "debug": {
        "executionDurationStudent": 0.6790637969970703,
        "executionDurationReference": 0.22351527214050293,
        "traceback": {},
        "lintingErrors": []
      },
      "duration": 2.16774582862854,
      "executionDuration": 0.6790637969970703,
      "summary": {
        "total": 4,
        "success": 2,
        "failed": 2,
        "skipped": 0
      },
      "tests": [
        {
          "name": "figure(1).axes[0].lines[0]._linestyle",
          "result": "FAILED",
          "debug": {
            "longrepr": "E   AssertionError: Variable `figure(1).axes[0].lines[0]._linestyle` has incorrect value (`-.` instead of `--`)\n    assert '-.' == '--'\n      - --\n      + -.",
            "timestamp": 1708703167.6971216
          }
        },
        {
          "name": "figure(1).axes[0].lines[0].get_linestyle()",
          "result": "FAILED",
          "debug": {
            "longrepr": "E   AssertionError: Variable `figure(1).axes[0].lines[0].get_linestyle()` has incorrect value (`-.` instead of `--`)\n    assert '-.' == '--'\n      - --\n      + -.",
            "timestamp": 1708703167.7011108
          }
        },
        {
          "name": "figure(1).axes[0].get_xlabel()",
          "result": "PASSED",
          "debug": {
            "timestamp": 1708703167.702108
          }
        },
        {
          "name": "figure(2).axes[0].get_ylabel()",
          "result": "PASSED",
          "debug": {
            "timestamp": 1708703167.7041047
          }
        }
      ]
    }
  ]
}