<?xml version="1.0" ?>
<testsuites disabled="0" errors="14" failures="0" tests="43" time="0.0">
	<testsuite disabled="0" errors="14" failures="0" name="Python Test suite" skipped="2" tests="43" time="0" timestamp="2024-02-21 15:28:16.311090">
		<testcase name="var1" timestamp="1708525697.2420774"/>
		<testcase name="var2" timestamp="1708525697.2460644">
			<skipped type="skipped" message="['i:\\PYTHON\\catester\\catester\\tests\\test_class.py', 291, 'Skipped: Evaluation of `jhunok` not possible']"/>
		</testcase>
		<testcase name="var3" timestamp="1708525697.248059">
			<skipped type="skipped" message="['i:\\PYTHON\\catester\\catester\\tests\\test_class.py', 299, 'Skipped: Variable `var3` not found in reference namespace']"/>
		</testcase>
		<testcase name="var4" timestamp="1708525697.2510507">
			<error type="error" message="E   KeyError: 'Variable `var4` not found in student namespace'"/>
		</testcase>
		<testcase name="var5" timestamp="1708525697.2530456">
			<error type="error" message="E   AssertionError: Variable `var5` has incorrect type, expected: &lt;class 'tuple'&gt;, obtained &lt;class 'list'&gt;
    assert &lt;class 'list'&gt; == &lt;class 'tuple'&gt;"/>
		</testcase>
		<testcase name="var6" timestamp="1708525697.2562325">
			<error type="error" message="E   AssertionError: Variable `var6` has incorrect len, expected: 2, obtained 3
    assert 3 == 2"/>
		</testcase>
		<testcase name="var7" timestamp="1708525697.257831"/>
		<testcase name="var8" timestamp="1708525697.2598262"/>
		<testcase name="x1" timestamp="1708525697.287275"/>
		<testcase name="x2" timestamp="1708525697.2892716"/>
		<testcase name="x3" timestamp="1708525697.2922611"/>
		<testcase name="x4" timestamp="1708525697.2942762"/>
		<testcase name="x5" timestamp="1708525697.2952745"/>
		<testcase name="x6" timestamp="1708525697.2974956"/>
		<testcase name="x7" timestamp="1708525697.3005154"/>
		<testcase name="x8" timestamp="1708525697.3044786"/>
		<testcase name="x9" timestamp="1708525697.3074694"/>
		<testcase name="x10" timestamp="1708525697.3104627"/>
		<testcase name="x11" timestamp="1708525697.3144832"/>
		<testcase name="x12" timestamp="1708525697.3174784"/>
		<testcase name="x13" timestamp="1708525697.3217068"/>
		<testcase name="x14" timestamp="1708525697.325696"/>
		<testcase name="x15" timestamp="1708525697.3287146"/>
		<testcase name="var_date" timestamp="1708525697.3499627"/>
		<testcase name="var_time" timestamp="1708525697.3534653">
			<error type="error" message="E   AssertionError: Variable `var_time` has incorrect value (`15:28:17.3...` instead of `15:28:17.3...`)
    assert datetime.time...8, 17, 330695) == 15:28:17.334278
      comparison failed
      Obtained: 15:28:17.330695
      Expected: 15:28:17.334278"/>
		</testcase>
		<testcase name="var_datetime" timestamp="1708525697.356457">
			<error type="error" message="E   AssertionError: Variable `var_datetime` has incorrect value (`2024-02-21...` instead of `2024-02-21...`)
    assert datetime.date...8, 17, 330695) == 2024-02-21 15:28:17.334278
      comparison failed
      Obtained: 2024-02-21 15:28:17.330695
      Expected: 2024-02-21 15:28:17.334278"/>
		</testcase>
		<testcase name="var_duration" timestamp="1708525697.360466">
			<error type="error" message="E   AssertionError: Variable `var_duration` has incorrect value (`5 days, 3:...` instead of `5 days, 3:...`)
    assert datetime.time...croseconds=10) == 5 days, 3:00:00
      comparison failed
      Obtained: 5 days, 3:00:00.000010
      Expected: 5 days, 3:00:00"/>
		</testcase>
		<testcase name="x" timestamp="1708525698.0180528"/>
		<testcase name="y" timestamp="1708525698.0286129">
			<error type="error" message="E   AssertionError: 
    Not equal to tolerance rtol=1e-08, atol=1e-05
    
    Mismatched elements: 100 / 100 (100%)
    Max absolute difference: 0.0001
    Max relative difference: 0.00972825
     x: array([ 1.000000e-04,  1.009384e-01,  2.007489e-01,  2.985138e-01,
            3.932366e-01,  4.839516e-01,  5.697341e-01,  6.497095e-01,
            7.230626e-01,  7.890455e-01,  8.469856e-01,  8.962922e-01,...
     y: array([ 0.      ,  0.100838,  0.200649,  0.298414,  0.393137,  0.483852,
            0.569634,  0.64961 ,  0.722963,  0.788945,  0.846886,  0.896192,
            0.936363,  0.966988,  0.987755,  0.998452,  0.998971,  0.989306,...

During handling of the above exception, another exception occurred:
E   AssertionError: Variable `y` has incorrect value (`[ 1.000000...` instead of `[ 0.      ...`)"/>
		</testcase>
		<testcase name="df" timestamp="1708525698.0916364">
			<error type="error" message="E   AssertionError: Variable `df` has incorrect value (`   Column1...` instead of `   Column1...`)
    assert False
     +  where False = &lt;bound method NDFrame.equals of    Column1 Column2  Column3\n0        1       a     True\n1        2       B    False\n2        3       C     True&gt;(   Column1 Column2  Column3\n0        1       A     True\n1        2       B    False\n2        3       C     True)
     +    where &lt;bound method NDFrame.equals of    Column1 Column2  Column3\n0        1       a     True\n1        2       B    False\n2        3       C     True&gt; =    Column1 Column2  Column3\n0        1       a     True\n1        2       B    False\n2        3       C     True.equals"/>
		</testcase>
		<testcase name="ser" timestamp="1708525698.0929985"/>
		<testcase name="var1" timestamp="1708525698.1057067"/>
		<testcase name="var1" timestamp="1708525698.1086972"/>
		<testcase name="var1" timestamp="1708525698.1096942"/>
		<testcase name="var1" timestamp="1708525698.1116889"/>
		<testcase name="var1" timestamp="1708525698.1134143"/>
		<testcase name="var1" timestamp="1708525698.1144114"/>
		<testcase name="var2" timestamp="1708525698.1174026">
			<error type="error" message="E   AssertionError: Variable `var2` does not match the specified pattern `-`
    assert '_x1234567890' == '-'
      - -
      + _x1234567890"/>
		</testcase>
		<testcase name="var2" timestamp="1708525698.1210456">
			<error type="error" message="E   AssertionError: Variable `var2` does not contain the specified pattern `-`
    assert -1 &gt; -1
     +  where -1 = &lt;built-in method find of str object at 0x000002040EBE0730&gt;('-')
     +    where &lt;built-in method find of str object at 0x000002040EBE0730&gt; = '_x1234567890'.find
     +      where '_x1234567890' = str('_x1234567890')"/>
		</testcase>
		<testcase name="var2" timestamp="1708525698.1230705">
			<error type="error" message="E   AssertionError: Variable `var2` does not start with the specified pattern `-`
    assert False
     +  where False = &lt;built-in method startswith of str object at 0x000002040EBE0730&gt;('-')
     +    where &lt;built-in method startswith of str object at 0x000002040EBE0730&gt; = '_x1234567890'.startswith
     +      where '_x1234567890' = str('_x1234567890')"/>
		</testcase>
		<testcase name="var2" timestamp="1708525698.1262035">
			<error type="error" message="E   AssertionError: Variable `var2` does not end with the specified pattern `-`
    assert False
     +  where False = &lt;built-in method endswith of str object at 0x000002040EBE0730&gt;('-')
     +    where &lt;built-in method endswith of str object at 0x000002040EBE0730&gt; = '_x1234567890'.endswith
     +      where '_x1234567890' = str('_x1234567890')"/>
		</testcase>
		<testcase name="var2" timestamp="1708525698.1286244">
			<error type="error" message="E   AssertionError: Variable `var2` does not contain the specified pattern `-` 1-times
    assert 0 == 1
     +  where 0 = &lt;built-in method count of str object at 0x000002040EBE0730&gt;('-')
     +    where &lt;built-in method count of str object at 0x000002040EBE0730&gt; = '_x1234567890'.count
     +      where '_x1234567890' = str('_x1234567890')"/>
		</testcase>
		<testcase name="var2" timestamp="1708525698.130619">
			<error type="error" message="E   AssertionError: Variable `var2` does not match the compiled regular expression from the specified pattern `^.*y.*$`
    assert None is not None"/>
		</testcase>
	</testsuite>
</testsuites>
